Determining if the pthread_create exist failed with the following output:
Change Dir: /media/chris/Local Disk/rbe500_team2_pa1/catkin_ws/build/CMakeFiles/CMakeTmp

Run Build Command:"/usr/bin/make" "cmTC_60309/fast"
/usr/bin/make -f CMakeFiles/cmTC_60309.dir/build.make CMakeFiles/cmTC_60309.dir/build
make[1]: Entering directory '/media/chris/Local Disk/rbe500_team2_pa1/catkin_ws/build/CMakeFiles/CMakeTmp'
Building C object CMakeFiles/cmTC_60309.dir/CheckSymbolExists.c.o
/usr/bin/cc    -o CMakeFiles/cmTC_60309.dir/CheckSymbolExists.c.o   -c "/media/chris/Local Disk/rbe500_team2_pa1/catkin_ws/build/CMakeFiles/CMakeTmp/CheckSymbolExists.c"
Linking C executable cmTC_60309
/usr/bin/cmake -E cmake_link_script CMakeFiles/cmTC_60309.dir/link.txt --verbose=1
/usr/bin/cc      -rdynamic CMakeFiles/cmTC_60309.dir/CheckSymbolExists.c.o  -o cmTC_60309 
CMakeFiles/cmTC_60309.dir/CheckSymbolExists.c.o: In function `main':
CheckSymbolExists.c:(.text+0x1b): undefined reference to `pthread_create'
collect2: error: ld returned 1 exit status
CMakeFiles/cmTC_60309.dir/build.make:97: recipe for target 'cmTC_60309' failed
make[1]: *** [cmTC_60309] Error 1
make[1]: Leaving directory '/media/chris/Local Disk/rbe500_team2_pa1/catkin_ws/build/CMakeFiles/CMakeTmp'
Makefile:126: recipe for target 'cmTC_60309/fast' failed
make: *** [cmTC_60309/fast] Error 2

File /media/chris/Local Disk/rbe500_team2_pa1/catkin_ws/build/CMakeFiles/CMakeTmp/CheckSymbolExists.c:
/* */
#include <pthread.h>

int main(int argc, char** argv)
{
  (void)argv;
#ifndef pthread_create
  return ((int*)(&pthread_create))[argc];
#else
  (void)argc;
  return 0;
#endif
}

Determining if the function pthread_create exists in the pthreads failed with the following output:
Change Dir: /media/chris/Local Disk/rbe500_team2_pa1/catkin_ws/build/CMakeFiles/CMakeTmp

Run Build Command:"/usr/bin/make" "cmTC_2ec04/fast"
/usr/bin/make -f CMakeFiles/cmTC_2ec04.dir/build.make CMakeFiles/cmTC_2ec04.dir/build
make[1]: Entering directory '/media/chris/Local Disk/rbe500_team2_pa1/catkin_ws/build/CMakeFiles/CMakeTmp'
Building C object CMakeFiles/cmTC_2ec04.dir/CheckFunctionExists.c.o
/usr/bin/cc   -DCHECK_FUNCTION_EXISTS=pthread_create   -o CMakeFiles/cmTC_2ec04.dir/CheckFunctionExists.c.o   -c /usr/share/cmake-3.10/Modules/CheckFunctionExists.c
Linking C executable cmTC_2ec04
/usr/bin/cmake -E cmake_link_script CMakeFiles/cmTC_2ec04.dir/link.txt --verbose=1
/usr/bin/cc  -DCHECK_FUNCTION_EXISTS=pthread_create    -rdynamic CMakeFiles/cmTC_2ec04.dir/CheckFunctionExists.c.o  -o cmTC_2ec04 -lpthreads 
/usr/bin/ld: cannot find -lpthreads
collect2: error: ld returned 1 exit status
CMakeFiles/cmTC_2ec04.dir/build.make:97: recipe for target 'cmTC_2ec04' failed
make[1]: *** [cmTC_2ec04] Error 1
make[1]: Leaving directory '/media/chris/Local Disk/rbe500_team2_pa1/catkin_ws/build/CMakeFiles/CMakeTmp'
Makefile:126: recipe for target 'cmTC_2ec04/fast' failed
make: *** [cmTC_2ec04/fast] Error 2


